(N) 2021-01-03T12:38:56 - 'FCDC125' 을 전송 목록에서 제거했습니다.
(N) 2021-01-03T12:38:56 - 'STARS-311.mp4' 을 전송 목록에서 제거했습니다.
(N) 2021-01-03T12:38:56 - 'LULU-049.mp4' 을 전송 목록에서 제거했습니다.
(N) 2021-01-03T12:38:56 - 'NHDTB-476.mp4' 을 전송 목록에서 제거했습니다.
(N) 2021-01-03T12:38:56 - 'MIMK-080.mp4' 을 전송 목록에서 제거했습니다.
(N) 2021-01-03T12:41:51 - 'DOCP-267.mp4' 을 전송 목록과 하드 디스크에서 제거했습니다.
(N) 2021-01-03T12:41:51 - 'EBOD-779-C' 을 전송 목록과 하드 디스크에서 제거했습니다.
(N) 2021-01-03T12:41:51 - 'MUDR134' 을 전송 목록과 하드 디스크에서 제거했습니다.
(N) 2021-01-03T12:41:51 - 'APNS216' 을 전송 목록과 하드 디스크에서 제거했습니다.
(N) 2021-01-03T12:41:51 - 'otim-051-C' 을 전송 목록과 하드 디스크에서 제거했습니다.
(N) 2021-01-03T12:41:51 - 'STC061' 을 전송 목록과 하드 디스크에서 제거했습니다.
(N) 2021-01-03T12:41:55 - 'mmnd186_ch' 을 전송 목록과 하드 디스크에서 제거했습니다.
(N) 2021-01-03T12:41:55 - 'GNE-218 新美少女貸切?泉旅行' 을 전송 목록과 하드 디스크에서 제거했습니다.
(N) 2021-01-03T12:41:55 - 'SOAV072' 을 전송 목록과 하드 디스크에서 제거했습니다.
(N) 2021-01-03T12:41:55 - 'MILK098' 을 전송 목록과 하드 디스크에서 제거했습니다.
(N) 2021-01-03T12:41:55 - 'SIV044' 을 전송 목록과 하드 디스크에서 제거했습니다.
(N) 2021-01-03T12:41:55 - 'Heyzo-2384-HD' 을 전송 목록과 하드 디스크에서 제거했습니다.
(N) 2021-01-03T12:41:55 - 'ktsg00010C' 을 전송 목록과 하드 디스크에서 제거했습니다.
(N) 2021-01-03T12:41:55 - 'MRSS-102C.mp4' 을 전송 목록과 하드 디스크에서 제거했습니다.
(N) 2021-01-03T12:41:55 - 'heyzo_hd_2402.mp4' 을 전송 목록과 하드 디스크에서 제거했습니다.
(N) 2021-01-03T12:41:55 - 'DOCP151' 을 전송 목록과 하드 디스크에서 제거했습니다.
(N) 2021-01-03T12:41:55 - 'fsdss-076 Ultimate Slender Course - Natsu Tojo.mp4' 을 전송 목록과 하드 디스크에서 제거했습니다.
(N) 2021-01-03T12:41:55 - '112120_001-1pon.mp4' 을 전송 목록과 하드 디스크에서 제거했습니다.
(N) 2021-01-03T12:41:55 - 'HD_dasd-779' 을 전송 목록과 하드 디스크에서 제거했습니다.
(N) 2021-01-03T12:41:55 - 'NTRD-085C.mp4' 을 전송 목록과 하드 디스크에서 제거했습니다.
(N) 2021-01-03T12:41:55 - 'GVH-166_2K' 을 전송 목록과 하드 디스크에서 제거했습니다.
(N) 2021-01-03T12:41:55 - 'FGAN-030_2K' 을 전송 목록과 하드 디스크에서 제거했습니다.
(N) 2021-01-03T12:41:55 - 'sdab00146' 을 전송 목록과 하드 디스크에서 제거했습니다.
(N) 2021-01-03T12:41:55 - 'MIFD119C' 을 전송 목록과 하드 디스크에서 제거했습니다.
(N) 2021-01-03T12:41:55 - 'Heyzo-2379-HD' 을 전송 목록과 하드 디스크에서 제거했습니다.
(N) 2021-01-03T12:41:55 - 'ABP-712.mp4' 을 전송 목록과 하드 디스크에서 제거했습니다.
(N) 2021-01-03T12:41:55 - 'BrazzersExxtra.20.10.28.Gina.Gerson.Foot.Pampering.Fun..480p.MP4-XXX' 을 전송 목록과 하드 디스크에서 제거했습니다.
(N) 2021-01-03T12:41:55 - 'Heyzo-2377-HD' 을 전송 목록과 하드 디스크에서 제거했습니다.
(N) 2021-01-03T12:41:55 - 'MIMK-072-CS-fbfb.me.mp4' 을 전송 목록과 하드 디스크에서 제거했습니다.
(N) 2021-01-03T12:41:55 - 'hjd2048.com_LLDV-32-SD' 을 전송 목록과 하드 디스크에서 제거했습니다.
(N) 2021-01-03T12:41:55 - 'SVDVD744C' 을 전송 목록과 하드 디스크에서 제거했습니다.
(N) 2021-01-03T12:41:55 - 'MIFD-133-CS.mp4' 을 전송 목록과 하드 디스크에서 제거했습니다.
(N) 2021-01-03T12:41:55 - 'BrazzersExxtra.20.09.24.Bella.Elise.Rose.Shes.Sweeter.When.Wet.480p.MP4-XXX' 을 전송 목록과 하드 디스크에서 제거했습니다.
(N) 2021-01-03T12:41:55 - 'BrazzersExxtra.20.10.20.Keira.Croft.Cooling.Down.With.Squirting.And.Anal.480p.MP4-XXX' 을 전송 목록과 하드 디스크에서 제거했습니다.
(N) 2021-01-03T12:41:55 - 'DNW106' 을 전송 목록과 하드 디스크에서 제거했습니다.
(N) 2021-01-03T12:41:55 - 'SSNI953' 을 전송 목록과 하드 디스크에서 제거했습니다.
(N) 2021-01-03T12:41:56 - 'BAHP061' 을 전송 목록과 하드 디스크에서 제거했습니다.
(N) 2021-01-03T12:41:56 - 'AMA-067_2K' 을 전송 목록과 하드 디스크에서 제거했습니다.
(N) 2021-01-03T12:41:56 - 'FSDSS142' 을 전송 목록과 하드 디스크에서 제거했습니다.
(N) 2021-01-03T12:41:56 - 'DASD640C' 을 전송 목록과 하드 디스크에서 제거했습니다.
(N) 2021-01-03T12:41:57 - 'SSNI952' 을 전송 목록과 하드 디스크에서 제거했습니다.
(N) 2021-01-03T12:41:57 - 'VENU-993C.mp4' 을 전송 목록과 하드 디스크에서 제거했습니다.
(N) 2021-01-03T12:41:57 - 't2800563' 을 전송 목록과 하드 디스크에서 제거했습니다.
(N) 2021-01-03T12:41:57 - 'TSF-010_2K' 을 전송 목록과 하드 디스크에서 제거했습니다.
(N) 2021-01-03T12:41:57 - 'SSNI947' 을 전송 목록과 하드 디스크에서 제거했습니다.
(N) 2021-01-03T12:41:57 - 'HD_dasd-749' 을 전송 목록과 하드 디스크에서 제거했습니다.
(N) 2021-01-03T12:41:58 - 'CPDE042' 을 전송 목록과 하드 디스크에서 제거했습니다.
(N) 2021-01-03T12:41:58 - 'MMB336' 을 전송 목록과 하드 디스크에서 제거했습니다.
(N) 2021-01-03T12:41:58 - 'ncyf00008' 을 전송 목록과 하드 디스크에서 제거했습니다.
(N) 2021-01-03T12:41:58 - 'SSNI956' 을 전송 목록과 하드 디스크에서 제거했습니다.
(N) 2021-01-03T12:41:58 - 'HND850C' 을 전송 목록과 하드 디스크에서 제거했습니다.
(N) 2021-01-03T12:41:58 - 'YST-234_2K-C' 을 전송 목록과 하드 디스크에서 제거했습니다.
(N) 2021-01-03T12:41:58 - 'MMB337' 을 전송 목록과 하드 디스크에서 제거했습니다.
(N) 2021-01-03T12:41:58 - 'ONEZ-268.mp4' 을 전송 목록과 하드 디스크에서 제거했습니다.
(N) 2021-01-03T12:41:58 - 'FSDSS145' 을 전송 목록과 하드 디스크에서 제거했습니다.
(N) 2021-01-03T12:41:58 - 'CJOD-258' 을 전송 목록과 하드 디스크에서 제거했습니다.
(N) 2021-01-03T12:41:58 - 'PIYO-099.mp4' 을 전송 목록과 하드 디스크에서 제거했습니다.
(N) 2021-01-03T12:41:58 - 'ebod770_ch' 을 전송 목록과 하드 디스크에서 제거했습니다.
(N) 2021-01-03T12:41:58 - 'HZGD125mp4' 을 전송 목록과 하드 디스크에서 제거했습니다.
(N) 2021-01-03T12:41:58 - 'HD_miaa-365' 을 전송 목록과 하드 디스크에서 제거했습니다.
(N) 2021-01-03T12:41:58 - 'ABP747' 을 전송 목록과 하드 디스크에서 제거했습니다.
(N) 2021-01-03T12:41:58 - 'BigWetButts.20.11.04.Blanche.Bradburry.Booty.Bounce.XXX.SD.MP4-KLEENEX' 을 전송 목록과 하드 디스크에서 제거했습니다.
(N) 2021-01-03T12:41:58 - 'FSDSS-072_CH_SD' 을 전송 목록과 하드 디스크에서 제거했습니다.
(N) 2021-01-03T12:41:58 - 'SW-745C.mp4' 을 전송 목록과 하드 디스크에서 제거했습니다.
(N) 2021-01-03T12:41:58 - 'EKDV638C' 을 전송 목록과 하드 디스크에서 제거했습니다.
(N) 2021-01-03T12:41:58 - 'HD_MMKN-003' 을 전송 목록과 하드 디스크에서 제거했습니다.
(N) 2021-01-03T12:41:58 - 'SSHN-018' 을 전송 목록과 하드 디스크에서 제거했습니다.
(N) 2021-01-03T12:41:58 - 'HD_apns-197' 을 전송 목록과 하드 디스크에서 제거했습니다.
(N) 2021-01-03T12:41:58 - 'BOKD159C' 을 전송 목록과 하드 디스크에서 제거했습니다.
(N) 2021-01-03T12:41:58 - 'SSNI961' 을 전송 목록과 하드 디스크에서 제거했습니다.
(N) 2021-01-03T12:41:58 - 'HONB180C' 을 전송 목록과 하드 디스크에서 제거했습니다.
(N) 2021-01-03T12:41:58 - 'Caribbean-100220-001-HD' 을 전송 목록과 하드 디스크에서 제거했습니다.
(N) 2021-01-03T12:41:58 - 'FSDSS-144.HD' 을 전송 목록과 하드 디스크에서 제거했습니다.
(N) 2021-01-03T12:41:58 - 'iesm-052 Confinement Girl Is Tied Up And I Play Dirty With Her Like A Doll Coco.mp4' 을 전송 목록과 하드 디스크에서 제거했습니다.
(N) 2021-01-03T12:41:58 - 'genm-068' 을 전송 목록과 하드 디스크에서 제거했습니다.
(N) 2021-01-03T12:41:58 - 'Tokyo-Hot wald0013-HD' 을 전송 목록과 하드 디스크에서 제거했습니다.
(N) 2021-01-03T12:41:58 - 'STARS005' 을 전송 목록과 하드 디스크에서 제거했습니다.
(N) 2021-01-03T12:41:58 - 'ONEZ-270.mp4' 을 전송 목록과 하드 디스크에서 제거했습니다.
(N) 2021-01-03T12:41:58 - 'KBI-050.mp4' 을 전송 목록과 하드 디스크에서 제거했습니다.
(N) 2021-01-03T12:41:58 - 'JUL-258_CH_SD' 을 전송 목록과 하드 디스크에서 제거했습니다.
(N) 2021-01-03T12:41:59 - 'KNAM031' 을 전송 목록과 하드 디스크에서 제거했습니다.
(N) 2021-01-03T12:41:59 - 'FSDSS021C' 을 전송 목록과 하드 디스크에서 제거했습니다.
(N) 2021-01-03T12:41:59 - 'hhbb_zcm@www.sis001.com@heyzo_2178' 을 전송 목록과 하드 디스크에서 제거했습니다.
(N) 2021-01-03T12:41:59 - 'SSNI962' 을 전송 목록과 하드 디스크에서 제거했습니다.
(N) 2021-01-03T12:41:59 - 'TeensLikeItBig.20.01.26.Kyler.Quinn.Not.Too.Sick.For.Dick..480p.MP4-XXX' 을 전송 목록과 하드 디스크에서 제거했습니다.
(N) 2021-01-03T12:41:59 - 'FSDSS148' 을 전송 목록과 하드 디스크에서 제거했습니다.
(N) 2021-01-03T12:41:59 - 'dasd00771' 을 전송 목록과 하드 디스크에서 제거했습니다.
(N) 2021-01-03T12:41:59 - 'AGMX065' 을 전송 목록과 하드 디스크에서 제거했습니다.
(N) 2021-01-03T12:41:59 - 'gaid00010' 을 전송 목록과 하드 디스크에서 제거했습니다.
(N) 2021-01-03T12:41:59 - 'dasd00663' 을 전송 목록과 하드 디스크에서 제거했습니다.
(N) 2021-01-03T12:41:59 - 'WAAA-021C.mp4' 을 전송 목록과 하드 디스크에서 제거했습니다.
(N) 2021-01-03T12:41:59 - 'nhdtb195' 을 전송 목록과 하드 디스크에서 제거했습니다.
(N) 2021-01-03T12:41:59 - 'MIDE-863C.mp4' 을 전송 목록과 하드 디스크에서 제거했습니다.
(N) 2021-01-03T12:41:59 - 'stars-238-C' 을 전송 목록과 하드 디스크에서 제거했습니다.
(N) 2021-01-03T12:41:59 - '315ETQR-163' 을 전송 목록과 하드 디스크에서 제거했습니다.
(N) 2021-01-03T12:41:59 - 'SKSK-032.HD' 을 전송 목록과 하드 디스크에서 제거했습니다.
(N) 2021-01-03T12:41:59 - 'VEC455C' 을 전송 목록과 하드 디스크에서 제거했습니다.
(N) 2021-01-03T12:41:59 - 'TYD-003C.mp4' 을 전송 목록과 하드 디스크에서 제거했습니다.
(N) 2021-01-03T12:41:59 - 'ebod762_ch' 을 전송 목록과 하드 디스크에서 제거했습니다.
(N) 2021-01-03T12:41:59 - 'HEYZO-2181 クレ?ム?理に?た美熟女OLに??してヤッた' 을 전송 목록과 하드 디스크에서 제거했습니다.
(N) 2021-01-03T12:41:59 - 'VENU986C' 을 전송 목록과 하드 디스크에서 제거했습니다.
(N) 2021-01-03T12:42:00 - 'KPB-013.mp4' 을 전송 목록과 하드 디스크에서 제거했습니다.
(N) 2021-01-03T12:42:00 - 'HD_fsdss-146' 을 전송 목록과 하드 디스크에서 제거했습니다.
(N) 2021-01-03T12:42:03 - 'BrazzersExxtra.20.10.15.Claudia.Obey.Breaking.In.Putting.Out..480p.MP4-XXX' 을 전송 목록과 하드 디스크에서 제거했습니다.
(N) 2021-01-03T12:42:08 - 'STARS-216_HD_CH' 을 전송 목록과 하드 디스크에서 제거했습니다.
(N) 2021-01-03T12:42:08 - 'DASD-774-C' 을 전송 목록과 하드 디스크에서 제거했습니다.
(N) 2021-01-03T12:42:08 - 'ASI029' 을 전송 목록과 하드 디스크에서 제거했습니다.
(N) 2021-01-03T12:42:08 - 'MIDE-866_2K-C' 을 전송 목록과 하드 디스크에서 제거했습니다.
(N) 2021-01-03T12:42:08 - '[7sht.me]STAR-869-C' 을 전송 목록과 하드 디스크에서 제거했습니다.
(N) 2021-01-03T12:42:08 - 'MIDE-865_2K-C' 을 전송 목록과 하드 디스크에서 제거했습니다.
(N) 2021-01-03T12:42:08 - 'BFD004C' 을 전송 목록과 하드 디스크에서 제거했습니다.
(N) 2021-01-03T12:42:08 - 'MFCC006' 을 전송 목록과 하드 디스크에서 제거했습니다.
(N) 2021-01-03T12:42:08 - 'FSDSS147' 을 전송 목록과 하드 디스크에서 제거했습니다.
(N) 2021-01-03T12:42:08 - 'KSBJ110' 을 전송 목록과 하드 디스크에서 제거했습니다.
(N) 2021-01-03T12:42:08 - '西門吹水@第一?所@ SDAB-014 AVデビユ一SOD專??女 ?田?琴' 을 전송 목록과 하드 디스크에서 제거했습니다.
(N) 2021-01-03T12:42:08 - '112220_001-1pon.mp4' 을 전송 목록과 하드 디스크에서 제거했습니다.
(N) 2021-01-03T12:42:08 - 'kmhrs-011' 을 전송 목록과 하드 디스크에서 제거했습니다.
(N) 2021-01-03T12:42:08 - 'SSHN012C' 을 전송 목록과 하드 디스크에서 제거했습니다.
(N) 2021-01-03T12:42:08 - 'MIAA331C' 을 전송 목록과 하드 디스크에서 제거했습니다.
(N) 2021-01-03T12:42:08 - 'STAR-790.mp4' 을 전송 목록과 하드 디스크에서 제거했습니다.
(N) 2021-01-03T12:42:08 - '[7sht.me]STAR-765-C' 을 전송 목록과 하드 디스크에서 제거했습니다.
(N) 2021-01-03T12:42:08 - 'ATID-418_CH_SD' 을 전송 목록과 하드 디스크에서 제거했습니다.
(N) 2021-01-03T12:42:08 - 'agmx037' 을 전송 목록과 하드 디스크에서 제거했습니다.
(N) 2021-01-03T12:42:08 - 'fsdss043_ch' 을 전송 목록과 하드 디스크에서 제거했습니다.
(N) 2021-01-03T12:42:08 - 'hjd2048.com_ABP771-SD' 을 전송 목록과 하드 디스크에서 제거했습니다.
(N) 2021-01-03T12:42:08 - 'silk00132' 을 전송 목록과 하드 디스크에서 제거했습니다.
(N) 2021-01-03T12:42:08 - 'HRV-007-B Natural Airhead Totally Beautiful Girl Squirters - 8 Hour Best Of Spec.mp4' 을 전송 목록과 하드 디스크에서 제거했습니다.
(N) 2021-01-03T12:42:08 - 'FSDSS090C' 을 전송 목록과 하드 디스크에서 제거했습니다.
(N) 2021-01-03T12:42:08 - 'FSDSS052C' 을 전송 목록과 하드 디스크에서 제거했습니다.
(N) 2021-01-03T12:42:08 - 'JKSR-474_2K' 을 전송 목록과 하드 디스크에서 제거했습니다.
(N) 2021-01-03T12:42:08 - 'Carib-102420-001-FHD' 을 전송 목록과 하드 디스크에서 제거했습니다.
(N) 2021-01-03T12:42:08 - 'svdvd-743' 을 전송 목록과 하드 디스크에서 제거했습니다.
(N) 2021-01-03T12:42:08 - 'Tokyo-Hot gedo0114-HD' 을 전송 목록과 하드 디스크에서 제거했습니다.
(N) 2021-01-03T12:42:08 - 'STARS250C' 을 전송 목록과 하드 디스크에서 제거했습니다.
(N) 2021-01-03T12:42:08 - 'Tokyo-Hot jup0249-HD' 을 전송 목록과 하드 디스크에서 제거했습니다.
(N) 2021-01-03T12:42:08 - 'meyd515' 을 전송 목록과 하드 디스크에서 제거했습니다.
(N) 2021-01-03T12:42:08 - 'HD_macb-013' 을 전송 목록과 하드 디스크에서 제거했습니다.
(N) 2021-01-03T12:42:08 - 'HND-888' 을 전송 목록과 하드 디스크에서 제거했습니다.
(N) 2021-01-03T12:42:08 - 'JUL-314_CH_SD' 을 전송 목록과 하드 디스크에서 제거했습니다.
(N) 2021-01-03T12:42:08 - 'MIAA-368_2K-C' 을 전송 목록과 하드 디스크에서 제거했습니다.
(N) 2021-01-03T12:42:08 - '25.star965' 을 전송 목록과 하드 디스크에서 제거했습니다.
(N) 2021-01-03T12:42:08 - 'SDMF-018_2K-C' 을 전송 목록과 하드 디스크에서 제거했습니다.
(N) 2021-01-03T12:42:08 - 'BrazzersExxtra.19.10.12.Sofia.Lee.Stroking.The.Guards.Post.XXX.SD.MP4-KLEENEX' 을 전송 목록과 하드 디스크에서 제거했습니다.
(N) 2021-01-03T12:42:08 - 'MISM-183.HD' 을 전송 목록과 하드 디스크에서 제거했습니다.
(N) 2021-01-03T12:42:08 - 'MILK097' 을 전송 목록과 하드 디스크에서 제거했습니다.
(N) 2021-01-03T12:42:08 - 'DASD-736-Idol.mp4' 을 전송 목록과 하드 디스크에서 제거했습니다.
(N) 2021-01-03T12:42:08 - 'STAR-783.mp4' 을 전송 목록과 하드 디스크에서 제거했습니다.
(N) 2021-01-03T12:42:08 - 'JUFE242' 을 전송 목록과 하드 디스크에서 제거했습니다.
(N) 2021-01-03T12:42:10 - 'KSBJ111' 을 전송 목록과 하드 디스크에서 제거했습니다.
(N) 2021-01-03T12:42:10 - 'WAAA025' 을 전송 목록과 하드 디스크에서 제거했습니다.
(N) 2021-01-03T12:42:10 - 'STAR-799.mp4' 을 전송 목록과 하드 디스크에서 제거했습니다.
(N) 2021-01-03T12:42:10 - 'DirtyMasseur.19.11.08.Gabbie.Carter.Looking.To.Let.Loose.XXX.SD.MP4-KLEENEX' 을 전송 목록과 하드 디스크에서 제거했습니다.
(N) 2021-01-03T12:42:10 - 'HD_pkpd-112' 을 전송 목록과 하드 디스크에서 제거했습니다.
(N) 2021-01-03T12:42:10 - 'WANZ-848' 을 전송 목록과 하드 디스크에서 제거했습니다.
(N) 2021-01-03T12:42:10 - 'blor00158' 을 전송 목록과 하드 디스크에서 제거했습니다.
(N) 2021-01-03T12:42:10 - 'ATID413C' 을 전송 목록과 하드 디스크에서 제거했습니다.
(N) 2021-01-03T12:42:10 - 'MIAA107' 을 전송 목록과 하드 디스크에서 제거했습니다.
(N) 2021-01-03T12:42:10 - 'hrv-012' 을 전송 목록과 하드 디스크에서 제거했습니다.
(N) 2021-01-03T12:42:10 - 'T28570mp4' 을 전송 목록과 하드 디스크에서 제거했습니다.
(N) 2021-01-03T12:42:10 - 'mkon00022' 을 전송 목록과 하드 디스크에서 제거했습니다.
(N) 2021-01-03T12:42:10 - 'KTKZ080' 을 전송 목록과 하드 디스크에서 제거했습니다.
(N) 2021-01-03T12:42:10 - '58.stars067' 을 전송 목록과 하드 디스크에서 제거했습니다.
(N) 2021-01-03T12:42:10 - 'SKSK025' 을 전송 목록과 하드 디스크에서 제거했습니다.
(N) 2021-01-03T12:42:10 - 'STARS201C' 을 전송 목록과 하드 디스크에서 제거했습니다.
(N) 2021-01-03T12:42:10 - 'JUFE-243_2K-C' 을 전송 목록과 하드 디스크에서 제거했습니다.
(N) 2021-01-03T12:42:10 - 'atid00354' 을 전송 목록과 하드 디스크에서 제거했습니다.
(N) 2021-01-03T12:42:10 - 'hhbb_zcm@www.sis001.com@heyzo_2174' 을 전송 목록과 하드 디스크에서 제거했습니다.
(N) 2021-01-03T12:42:10 - 'MIAA-371_2K-C' 을 전송 목록과 하드 디스크에서 제거했습니다.
(N) 2021-01-03T12:42:10 - 'STARS170C' 을 전송 목록과 하드 디스크에서 제거했습니다.
(N) 2021-01-03T12:42:10 - 'ABW040' 을 전송 목록과 하드 디스크에서 제거했습니다.
(N) 2021-01-03T12:42:10 - 'ABP807' 을 전송 목록과 하드 디스크에서 제거했습니다.
(N) 2021-01-03T12:42:10 - 'YTR-150_2K' 을 전송 목록과 하드 디스크에서 제거했습니다.
(N) 2021-01-03T12:42:10 - 'one2048.com_STARS-186-SD' 을 전송 목록과 하드 디스크에서 제거했습니다.
(N) 2021-01-03T12:42:10 - 'HOMA068C' 을 전송 목록과 하드 디스크에서 제거했습니다.
(N) 2021-01-03T12:42:10 - 'Caribbean-091920-001-HD' 을 전송 목록과 하드 디스크에서 제거했습니다.
(N) 2021-01-03T12:42:10 - '01.abp785' 을 전송 목록과 하드 디스크에서 제거했습니다.
(N) 2021-01-03T12:42:10 - 'SDAB022.avi' 을 전송 목록과 하드 디스크에서 제거했습니다.
(N) 2021-01-03T12:42:10 - 'SDNM-257_2K-C' 을 전송 목록과 하드 디스크에서 제거했습니다.
(N) 2021-01-03T12:42:10 - 'bahp046c' 을 전송 목록과 하드 디스크에서 제거했습니다.
(N) 2021-01-03T12:42:10 - 'STARS126' 을 전송 목록과 하드 디스크에서 제거했습니다.
(N) 2021-01-03T12:42:10 - 'STARS162C' 을 전송 목록과 하드 디스크에서 제거했습니다.
(N) 2021-01-03T12:42:10 - 'STARS098C' 을 전송 목록과 하드 디스크에서 제거했습니다.
(N) 2021-01-03T12:42:10 - 'HODV-21508_CH_SD' 을 전송 목록과 하드 디스크에서 제거했습니다.
(N) 2021-01-03T12:42:10 - 'hrv-009 Slimy And Sweaty Sex 24! Best 8 Hours ACT. 02.mp4' 을 전송 목록과 하드 디스크에서 제거했습니다.
(N) 2021-01-03T12:42:10 - 'heyzo_hd_2404' 을 전송 목록과 하드 디스크에서 제거했습니다.
(N) 2021-01-03T12:42:10 - 'HOMA-099_2K-C' 을 전송 목록과 하드 디스크에서 제거했습니다.
(N) 2021-01-03T12:42:10 - 'STARS284C' 을 전송 목록과 하드 디스크에서 제거했습니다.
(N) 2021-01-03T12:42:10 - 'ABP723C' 을 전송 목록과 하드 디스크에서 제거했습니다.
(N) 2021-01-03T12:42:10 - 'HD_SORA-263' 을 전송 목록과 하드 디스크에서 제거했습니다.
(N) 2021-01-03T12:42:10 - 'STARS-226 19?の性感開?4本番 初?? 3時間OVER 朝比奈ななせ' 을 전송 목록과 하드 디스크에서 제거했습니다.
(N) 2021-01-03T12:42:10 - '44.star932' 을 전송 목록과 하드 디스크에서 제거했습니다.
(N) 2021-01-03T12:42:10 - 'MISM146' 을 전송 목록과 하드 디스크에서 제거했습니다.
(N) 2021-01-03T12:42:10 - '48.kmhr060' 을 전송 목록과 하드 디스크에서 제거했습니다.
(N) 2021-01-03T12:42:10 - '[FHD]STAR-756' 을 전송 목록과 하드 디스크에서 제거했습니다.
(N) 2021-01-03T12:42:10 - 'SDAB-159_2K-C' 을 전송 목록과 하드 디스크에서 제거했습니다.
(N) 2021-01-03T12:42:10 - 'dasd-628' 을 전송 목록과 하드 디스크에서 제거했습니다.
(N) 2021-01-03T12:42:10 - 'heyzo_hd_2406' 을 전송 목록과 하드 디스크에서 제거했습니다.
(N) 2021-01-03T12:42:10 - 'STARS-310_2K-C' 을 전송 목록과 하드 디스크에서 제거했습니다.
(N) 2021-01-03T12:42:10 - 'WAAA-020_2K-C' 을 전송 목록과 하드 디스크에서 제거했습니다.
(N) 2021-01-03T12:42:10 - '[FHD]STAR-831' 을 전송 목록과 하드 디스크에서 제거했습니다.
(N) 2021-01-03T12:42:10 - 'MIAA-369_2K-C' 을 전송 목록과 하드 디스크에서 제거했습니다.
(N) 2021-01-03T12:42:10 - 'Tokyo-hot-livesamurai0033' 을 전송 목록과 하드 디스크에서 제거했습니다.
(N) 2021-01-03T12:42:10 - 'jul-429' 을 전송 목록과 하드 디스크에서 제거했습니다.
(N) 2021-01-03T12:42:10 - 'GAV057' 을 전송 목록과 하드 디스크에서 제거했습니다.
(N) 2021-01-03T12:42:10 - 'KTKZ-081.mp4' 을 전송 목록과 하드 디스크에서 제거했습니다.
(N) 2021-01-03T12:42:10 - 'pred-280' 을 전송 목록과 하드 디스크에서 제거했습니다.
(N) 2021-01-03T12:42:11 - 'fsdss080_ch' 을 전송 목록과 하드 디스크에서 제거했습니다.
(N) 2021-01-03T12:42:11 - '(無修正) SHIROUTOZANMAI310 (UNCENSORED 1080p) ?き三昧！可愛い素人娘のプライベ?トハメ撮りを３０タイトル以上??' 을 전송 목록과 하드 디스크에서 제거했습니다.
(N) 2021-01-03T12:42:11 - 'pred-279' 을 전송 목록과 하드 디스크에서 제거했습니다.
(N) 2021-01-03T12:42:11 - 'BLD-005C.mp4' 을 전송 목록과 하드 디스크에서 제거했습니다.
(N) 2021-01-03T12:42:11 - 'STARS-312.mp4' 을 전송 목록과 하드 디스크에서 제거했습니다.
(N) 2021-01-03T12:42:11 - 'ADN-285_2K' 을 전송 목록과 하드 디스크에서 제거했습니다.
(N) 2021-01-03T12:42:11 - 'SSNI959' 을 전송 목록과 하드 디스크에서 제거했습니다.
(N) 2021-01-03T12:42:11 - 'SSNI958' 을 전송 목록과 하드 디스크에서 제거했습니다.
(N) 2021-01-03T12:42:11 - 'ADN286' 을 전송 목록과 하드 디스크에서 제거했습니다.
(N) 2021-01-03T12:42:11 - 'TeensLikeItBig.20.07.31.Aidra.Fox.My.GFs.Niece.Wants.A.Big.Piece.REMASTERED..480p.MP4-XXX' 을 전송 목록과 하드 디스크에서 제거했습니다.
(N) 2021-01-03T12:42:11 - 'KNAM030' 을 전송 목록과 하드 디스크에서 제거했습니다.
(N) 2021-01-03T12:42:11 - 'ADN-282_2K' 을 전송 목록과 하드 디스크에서 제거했습니다.
(N) 2021-01-03T12:42:11 - 'SQTE-348_2K' 을 전송 목록과 하드 디스크에서 제거했습니다.
(N) 2021-01-03T12:42:11 - '(無修正) TOTSUGEKI031 (UNCENSORED 2160p) ?がめちゃくちゃ綺麗な２０?の?生に中出し！喘ぎ?を必死に我慢しながらも漏れる吐息もGOOD！' 을 전송 목록과 하드 디스크에서 제거했습니다.
(N) 2021-01-03T12:42:11 - 'FCDSS-006.mp4' 을 전송 목록과 하드 디스크에서 제거했습니다.
(N) 2021-01-03T12:42:11 - 'WPS-002.mp4' 을 전송 목록과 하드 디스크에서 제거했습니다.
(N) 2021-01-03T12:42:11 - 'KMHRS026C' 을 전송 목록과 하드 디스크에서 제거했습니다.
(N) 2021-01-03T12:42:11 - 'fsdss-104-C' 을 전송 목록과 하드 디스크에서 제거했습니다.
(N) 2021-01-03T12:42:16 - 'STARS031' 을 전송 목록과 하드 디스크에서 제거했습니다.
(N) 2021-01-03T12:42:16 - 'HD_lulu-037' 을 전송 목록과 하드 디스크에서 제거했습니다.
(N) 2021-01-03T12:42:17 - 'ADN-288_2K' 을 전송 목록과 하드 디스크에서 제거했습니다.
(N) 2021-01-03T12:42:17 - 'SVDVD-833' 을 전송 목록과 하드 디스크에서 제거했습니다.
(N) 2021-01-03T12:42:17 - 'BOKD-173.mp4' 을 전송 목록과 하드 디스크에서 제거했습니다.
(N) 2021-01-03T12:42:17 - 'MIDE867' 을 전송 목록과 하드 디스크에서 제거했습니다.
(N) 2021-01-03T12:42:17 - 'BrazzersExxtra.20.11.10.Anissa.Jolie.Slip.And.Slide.4..480p.MP4-XXX' 을 전송 목록과 하드 디스크에서 제거했습니다.
(N) 2021-01-03T12:42:17 - 'GENM-066.mp4' 을 전송 목록과 하드 디스크에서 제거했습니다.
(N) 2021-01-03T12:42:17 - 'EBOD-790.HD' 을 전송 목록과 하드 디스크에서 제거했습니다.
(N) 2021-01-03T12:42:17 - 'shkd-921' 을 전송 목록과 하드 디스크에서 제거했습니다.
(N) 2021-01-03T12:42:17 - 'nsps-954-Idolred.mp4' 을 전송 목록과 하드 디스크에서 제거했습니다.
(N) 2021-01-03T12:42:17 - 'DayWithAPornstar.20.11.07.Avery.Black.Avery.Catches.Her.BF.Jerking..480p.MP4-XXX' 을 전송 목록과 하드 디스크에서 제거했습니다.
(N) 2021-01-03T12:42:17 - 'jul-437' 을 전송 목록과 하드 디스크에서 제거했습니다.
(N) 2021-01-03T12:42:20 - '425IKST-007' 을 전송 목록과 하드 디스크에서 제거했습니다.
(N) 2021-01-03T12:42:20 - 'MXGS-1164_2K' 을 전송 목록과 하드 디스크에서 제거했습니다.
(N) 2021-01-03T12:42:20 - 'ibw00804z' 을 전송 목록과 하드 디스크에서 제거했습니다.
(N) 2021-01-03T12:42:20 - 'HD_MIZD-212' 을 전송 목록과 하드 디스크에서 제거했습니다.
(N) 2021-01-03T12:42:20 - 'SSNI960' 을 전송 목록과 하드 디스크에서 제거했습니다.
(N) 2021-01-03T12:42:20 - 'SKSK-042.mp4' 을 전송 목록과 하드 디스크에서 제거했습니다.
(N) 2021-01-03T12:42:20 - 'ADN-284_2K' 을 전송 목록과 하드 디스크에서 제거했습니다.
(N) 2021-01-03T12:42:20 - 'ADN-287_2K' 을 전송 목록과 하드 디스크에서 제거했습니다.
(N) 2021-01-03T12:42:20 - 'FSDSS143' 을 전송 목록과 하드 디스크에서 제거했습니다.
(N) 2021-01-03T12:42:20 - 'HD_pts-472' 을 전송 목록과 하드 디스크에서 제거했습니다.
(N) 2021-01-03T12:42:20 - 't28-596' 을 전송 목록과 하드 디스크에서 제거했습니다.
(N) 2021-01-03T12:42:20 - 'HD_rvg-125' 을 전송 목록과 하드 디스크에서 제거했습니다.
(N) 2021-01-03T12:42:20 - 'SSNI954' 을 전송 목록과 하드 디스크에서 제거했습니다.
(N) 2021-01-03T12:42:20 - 'HUSR-225_2K' 을 전송 목록과 하드 디스크에서 제거했습니다.
(N) 2021-01-03T12:42:20 - 'DOCP-269.mp4' 을 전송 목록과 하드 디스크에서 제거했습니다.
(N) 2021-01-03T12:42:20 - 'ABW042' 을 전송 목록과 하드 디스크에서 제거했습니다.
(N) 2021-01-03T12:42:21 - 'YST-235_2K-C' 을 전송 목록과 하드 디스크에서 제거했습니다.
(N) 2021-01-03T12:42:21 - 'RCTD-371_2K' 을 전송 목록과 하드 디스크에서 제거했습니다.
(N) 2021-01-03T12:42:21 - '315ETQR-162' 을 전송 목록과 하드 디스크에서 제거했습니다.
(N) 2021-01-03T12:42:21 - 'ONEZ-271.mp4' 을 전송 목록과 하드 디스크에서 제거했습니다.
(N) 2021-01-03T12:42:21 - 'ibw00806z' 을 전송 목록과 하드 디스크에서 제거했습니다.
(N) 2021-01-03T12:42:21 - 'STARS-309_2K-C' 을 전송 목록과 하드 디스크에서 제거했습니다.
(N) 2021-01-03T12:42:26 - 'FONE-128.HD' 을 전송 목록과 하드 디스크에서 제거했습니다.
(N) 2021-01-03T12:42:26 - 'EBOD-765.HD' 을 전송 목록과 하드 디스크에서 제거했습니다.
(N) 2021-01-03T12:42:26 - 'ibw00805z' 을 전송 목록과 하드 디스크에서 제거했습니다.
(N) 2021-01-03T12:42:26 - '03.dasd531' 을 전송 목록과 하드 디스크에서 제거했습니다.
(N) 2021-01-03T12:42:26 - '[FHD]STAR-844' 을 전송 목록과 하드 디스크에서 제거했습니다.
(N) 2021-01-03T12:42:26 - 'Heyzo -2357-HD' 을 전송 목록과 하드 디스크에서 제거했습니다.
(N) 2021-01-03T12:42:26 - 'Heyzo 2359-HD' 을 전송 목록과 하드 디스크에서 제거했습니다.
(N) 2021-01-03T12:42:26 - '224826_3xplanet_Caribbeancom_120820-001.mp4' 을 전송 목록과 하드 디스크에서 제거했습니다.
(N) 2021-01-03T12:42:26 - 'heyzo_hd_2400.mp4' 을 전송 목록과 하드 디스크에서 제거했습니다.
(N) 2021-01-03T12:42:26 - 'STARS175C' 을 전송 목록과 하드 디스크에서 제거했습니다.
(N) 2021-01-03T12:42:26 - 'MDBK-061_HD_CH' 을 전송 목록과 하드 디스크에서 제거했습니다.
(N) 2021-01-03T12:42:26 - 'RBD964' 을 전송 목록과 하드 디스크에서 제거했습니다.
(N) 2021-01-03T12:42:26 - 'bokd-164' 을 전송 목록과 하드 디스크에서 제거했습니다.
(N) 2021-01-03T12:42:26 - '14.sdab016' 을 전송 목록과 하드 디스크에서 제거했습니다.
(N) 2021-01-03T12:42:26 - 'HND852C' 을 전송 목록과 하드 디스크에서 제거했습니다.
(N) 2021-01-03T12:42:26 - '第一會所新片@SIS001@(SOD)(SDAB-019)「中出しって?持ちいいんですか？」?田?琴_19?_中出し解禁' 을 전송 목록과 하드 디스크에서 제거했습니다.
(N) 2021-01-03T12:42:26 - '14.star918' 을 전송 목록과 하드 디스크에서 제거했습니다.
(N) 2021-01-03T12:42:26 - 'STARS-049_CH_SD' 을 전송 목록과 하드 디스크에서 제거했습니다.
(N) 2021-01-03T12:42:26 - '26.star774' 을 전송 목록과 하드 디스크에서 제거했습니다.
(N) 2021-01-03T12:42:26 - 'HD_xrw-922' 을 전송 목록과 하드 디스크에서 제거했습니다.
(N) 2021-01-03T12:42:26 - 'gnax-041' 을 전송 목록과 하드 디스크에서 제거했습니다.
(N) 2021-01-03T12:42:26 - 'stars00089' 을 전송 목록과 하드 디스크에서 제거했습니다.
(N) 2021-01-03T12:43:43 - 옵션을 성공적으로 저장했습니다.
(N) 2021-01-03T12:51:56 - 'shkd-925' 을 전송 목록과 하드 디스크에서 제거했습니다.
(N) 2021-01-03T12:51:56 - 'BF624' 을 전송 목록과 하드 디스크에서 제거했습니다.
(N) 2021-01-03T12:51:56 - 'ATID-447_2K' 을 전송 목록과 하드 디스크에서 제거했습니다.
(N) 2021-01-03T12:51:56 - 'JUL432' 을 전송 목록과 하드 디스크에서 제거했습니다.
(N) 2021-01-03T12:51:56 - 'ENKI-032.HD' 을 전송 목록과 하드 디스크에서 제거했습니다.
(N) 2021-01-03T12:51:56 - 'JUL431' 을 전송 목록과 하드 디스크에서 제거했습니다.
(N) 2021-01-03T12:51:56 - 'JUL430' 을 전송 목록과 하드 디스크에서 제거했습니다.
(N) 2021-01-03T12:51:56 - 'JUKF-053.HD' 을 전송 목록과 하드 디스크에서 제거했습니다.
(N) 2021-01-03T12:51:56 - 'NGOD141' 을 전송 목록과 하드 디스크에서 제거했습니다.
(N) 2021-01-03T12:51:56 - 'RBK002' 을 전송 목록과 하드 디스크에서 제거했습니다.
(N) 2021-01-03T12:51:56 - 'SHKD-922.mp4' 을 전송 목록과 하드 디스크에서 제거했습니다.
(N) 2021-01-03T12:51:56 - 'NDRA083' 을 전송 목록과 하드 디스크에서 제거했습니다.
(N) 2021-01-03T12:51:56 - 'NKKD190' 을 전송 목록과 하드 디스크에서 제거했습니다.
(N) 2021-01-03T12:51:56 - 'MACB-020.mp4' 을 전송 목록과 하드 디스크에서 제거했습니다.
